<?xml version="1.0" encoding="UTF-8"?>
<robot generator="Robot 7.0.1 (Python 3.12.5 on win32)" generated="2024-08-26T15:16:00.641463" rpa="false" schemaversion="5">
<suite id="s1" name="Formulario Incorreto" source="j:\Users\Ícaro\Documents\curso-robot-bdd\testes\formulario_incorreto.robot">
<test id="s1-t1" name="Verificar se quando um campo obrigatório não for preenchido corretamente o sistema exibe uma mensagem de campo obrigatório" line="7">
<kw name="Dado que eu acesse o Organo" owner="setup_teardown" type="SETUP">
<kw name="Open Browser" owner="SeleniumLibrary">
<msg time="2024-08-26T15:16:01.175089" level="INFO">Opening browser 'Chrome' to base url 'http://localhost:3000/'.</msg>
<arg>url=${URL}</arg>
<arg>browser=Chrome</arg>
<doc>Opens a new browser instance to the optional ``url``.</doc>
<status status="PASS" start="2024-08-26T15:16:01.175089" elapsed="1.972552"/>
</kw>
<kw name="Maximize Browser Window" owner="SeleniumLibrary">
<doc>Maximizes current browser window.</doc>
<status status="PASS" start="2024-08-26T15:16:03.147641" elapsed="0.022006"/>
</kw>
<status status="PASS" start="2024-08-26T15:16:01.174090" elapsed="1.995557"/>
</kw>
<kw name="Dado que eu clique no botão &quot;Criar Card&quot;" owner="cadastro">
<kw name="Click Element" owner="SeleniumLibrary">
<msg time="2024-08-26T15:16:03.171647" level="INFO">Clicking element 'id:form-botao'.</msg>
<arg>${BOTAO_CARD}</arg>
<doc>Click the element identified by ``locator``.</doc>
<status status="PASS" start="2024-08-26T15:16:03.170647" elapsed="0.049012"/>
</kw>
<status status="PASS" start="2024-08-26T15:16:03.170647" elapsed="0.049012"/>
</kw>
<kw name="Então sistema deve apresentar mensagem de campo obrigatório" owner="cadastro">
<kw name="Element Should Be Visible" owner="SeleniumLibrary">
<msg time="2024-08-26T15:16:03.238663" level="INFO">Element 'id:form-nome-erro' is displayed.</msg>
<arg>id:form-nome-erro</arg>
<doc>Verifies that the element identified by ``locator`` is visible.</doc>
<status status="PASS" start="2024-08-26T15:16:03.220658" elapsed="0.018005"/>
</kw>
<kw name="Element Should Be Visible" owner="SeleniumLibrary">
<msg time="2024-08-26T15:16:03.254666" level="INFO">Element 'id:form-cargo-erro' is displayed.</msg>
<arg>id:form-cargo-erro</arg>
<doc>Verifies that the element identified by ``locator`` is visible.</doc>
<status status="PASS" start="2024-08-26T15:16:03.239663" elapsed="0.015003"/>
</kw>
<kw name="Element Should Be Visible" owner="SeleniumLibrary">
<msg time="2024-08-26T15:16:03.266669" level="INFO">Element 'id:form-times-erro' is displayed.</msg>
<arg>id:form-times-erro</arg>
<doc>Verifies that the element identified by ``locator`` is visible.</doc>
<status status="PASS" start="2024-08-26T15:16:03.254666" elapsed="0.012003"/>
</kw>
<status status="PASS" start="2024-08-26T15:16:03.219659" elapsed="0.048010"/>
</kw>
<kw name="Fechar o navegador" owner="setup_teardown" type="TEARDOWN">
<kw name="Close Browser" owner="SeleniumLibrary">
<doc>Closes the current browser.</doc>
<status status="PASS" start="2024-08-26T15:16:03.267669" elapsed="2.126838"/>
</kw>
<status status="PASS" start="2024-08-26T15:16:03.267669" elapsed="2.126838"/>
</kw>
<status status="PASS" start="2024-08-26T15:16:01.173089" elapsed="4.221418"/>
</test>
<status status="PASS" start="2024-08-26T15:16:00.645464" elapsed="4.751044"/>
</suite>
<statistics>
<total>
<stat pass="1" fail="0" skip="0">All Tests</stat>
</total>
<tag>
</tag>
<suite>
<stat pass="1" fail="0" skip="0" id="s1" name="Formulario Incorreto">Formulario Incorreto</stat>
</suite>
</statistics>
<errors>
</errors>
</robot>
